0 info it worked if it ends with ok
1 verbose cli [ '/home/aalexiadis/DEVELOPMENT/SERVERS/node-v5.0.0-linux-x64/bin/node',
1 verbose cli   '/usr/bin/npm',
1 verbose cli   'run',
1 verbose cli   'lite' ]
2 info using npm@3.3.6
3 info using node@v5.0.0
4 verbose run-script [ 'prelite', 'lite', 'postlite' ]
5 info lifecycle angular2-kino@1.0.0~prelite: angular2-kino@1.0.0
6 silly lifecycle angular2-kino@1.0.0~prelite: no script for prelite, continuing
7 info lifecycle angular2-kino@1.0.0~lite: angular2-kino@1.0.0
8 verbose lifecycle angular2-kino@1.0.0~lite: unsafe-perm in lifecycle true
9 verbose lifecycle angular2-kino@1.0.0~lite: PATH: /home/aalexiadis/DEVELOPMENT/SERVERS/node-v5.0.0-linux-x64/lib/node_modules/npm/bin/node-gyp-bin:/home/aalexiadis/WebstormProjects/tictactoe/node_modules/.bin:/home/aalexiadis/DEVELOPMENT/SERVERS/node-v5.0.0-linux-x64/lib/node_modules/npm/bin/node-gyp-bin:/home/aalexiadis/WebstormProjects/tictactoe/node_modules/.bin:/usr/local/sbin:/usr/local/bin:/usr/sbin:/usr/bin:/sbin:/bin:/usr/games:/usr/local/games:/home/aalexiadis/DEVELOPMENT/TOOLS/apache-maven-3.3.9/bin
10 verbose lifecycle angular2-kino@1.0.0~lite: CWD: /home/aalexiadis/WebstormProjects/tictactoe
11 silly lifecycle angular2-kino@1.0.0~lite: Args: [ '-c', 'lite-server' ]
12 silly lifecycle angular2-kino@1.0.0~lite: Returned: code: 134  signal: null
13 info lifecycle angular2-kino@1.0.0~lite: Failed to exec lite script
14 verbose stack Error: angular2-kino@1.0.0 lite: `lite-server`
14 verbose stack Exit status 134
14 verbose stack     at EventEmitter.<anonymous> (/home/aalexiadis/DEVELOPMENT/SERVERS/node-v5.0.0-linux-x64/lib/node_modules/npm/lib/utils/lifecycle.js:233:16)
14 verbose stack     at emitTwo (events.js:87:13)
14 verbose stack     at EventEmitter.emit (events.js:172:7)
14 verbose stack     at ChildProcess.<anonymous> (/home/aalexiadis/DEVELOPMENT/SERVERS/node-v5.0.0-linux-x64/lib/node_modules/npm/lib/utils/spawn.js:24:14)
14 verbose stack     at emitTwo (events.js:87:13)
14 verbose stack     at ChildProcess.emit (events.js:172:7)
14 verbose stack     at maybeClose (internal/child_process.js:818:16)
14 verbose stack     at Process.ChildProcess._handle.onexit (internal/child_process.js:211:5)
15 verbose pkgid angular2-kino@1.0.0
16 verbose cwd /home/aalexiadis/WebstormProjects/tictactoe
17 error Linux 3.19.0-47-generic
18 error argv "/home/aalexiadis/DEVELOPMENT/SERVERS/node-v5.0.0-linux-x64/bin/node" "/usr/bin/npm" "run" "lite"
19 error node v5.0.0
20 error npm  v3.3.6
21 error code ELIFECYCLE
22 error angular2-kino@1.0.0 lite: `lite-server`
22 error Exit status 134
23 error Failed at the angular2-kino@1.0.0 lite script 'lite-server'.
23 error This is most likely a problem with the angular2-kino package,
23 error not with npm itself.
23 error Tell the author that this fails on your system:
23 error     lite-server
23 error You can get their info via:
23 error     npm owner ls angular2-kino
23 error There is likely additional logging output above.
24 verbose exit [ 1, true ]
